Drill Listing
=============
Drill: .035  Tool: 1  Feed: 197  Speed: 550
X -91500  Y -45500
X -91500  Y -35500
X -91500  Y -25500
X -91500  Y -15500
X -91500  Y -5500
X -91500  Y 4500
X -91500  Y 14500
X -91500  Y 24500

Drill: .037  Tool: 2  Feed: 197  Speed: 550
X 90500  Y -12500
X 130500  Y -12500

Drill: .04  Tool: 3  Feed: 139  Speed: 550
X -20500  Y -28000
X -20500  Y 22000
X -500  Y 22000
X -10500  Y 22000
X -10500  Y -28000
X -500  Y -28000
X 9500  Y -28000
X 19500  Y -28000
X 19500  Y 22000
X 9500  Y 22000

Drill: .041  Tool: 4  Feed: 139  Speed: 550
X 90500  Y -31500
X 170500  Y -31500

End of Listing
