Drill Listing
=============
Drill: .035  Tool: 1  Feed: 197  Speed: 550
X 145000  Y 105716
X 145000  Y 115716
X 145000  Y 125716
X 145000  Y 135716
X 145000  Y 145716
X 145000  Y 155716
X 145000  Y 165716
X 145000  Y 175716

Drill: .04  Tool: 2  Feed: 139  Speed: 550
X 162401  Y 125787
X 162401  Y 135787
X 162401  Y 145787
X 162401  Y 155787
X 162401  Y 165787
X 212401  Y 165787
X 212401  Y 155787
X 212401  Y 145787
X 212401  Y 135787
X 212401  Y 125787

Drill: .041  Tool: 3  Feed: 139  Speed: 550
X 225984  Y 125196

Drill: .09055  Tool: 4  Feed: 66  Speed: 550
X 110000  Y 110708
X 110000  Y 170748
X 241732  Y 110708

End of Listing
