Drill Listing
=============
Drill: .035  Tool: 1  Feed: 0  Speed: 0
X 136000  Y 107000
X 146000  Y 107000
X 156000  Y 107000
X 166000  Y 107000
X 176000  Y 107000
X 186000  Y 107000
X 196000  Y 107000

Drill: .037  Tool: 2  Feed: 0  Speed: 0
X 106000  Y 127000
X 201000  Y 165000

Drill: .04  Tool: 3  Feed: 0  Speed: 0
X 121000  Y 174500
X 131000  Y 174500
X 201000  Y 174500
X 211000  Y 174500
X 211000  Y 204500
X 211000  Y 194500
X 211000  Y 184500
X 201000  Y 204500
X 201000  Y 194500
X 201000  Y 184500
X 131000  Y 204500
X 131000  Y 194500
X 131000  Y 184500
X 121000  Y 204500
X 121000  Y 194500
X 121000  Y 184500
X 121000  Y 224500
X 121000  Y 214500
X 131000  Y 224500
X 131000  Y 214500
X 201000  Y 224500
X 201000  Y 214500
X 211000  Y 214500
X 211000  Y 224500
X 211000  Y 244500
X 211000  Y 234500
X 201000  Y 234500
X 201000  Y 244500
X 131000  Y 244500
X 131000  Y 234500
X 121000  Y 234500
X 121000  Y 244500

Drill: .07874  Tool: 4  Feed: 0  Speed: 0
X 125843  Y 264657
X 206157  Y 264657

Drill: .09055  Tool: 5  Feed: 0  Speed: 0
X 108000  Y 110000
X 209500  Y 110000
X 108000  Y 267000

End of Listing
